<?xml version="1.0" encoding="UTF-8"?>
<!-- Generated by org.testng.reporters.JUnitReportReporter -->
<testsuite hostname="Mayank" name="MavenDemo2.Bank2" tests="3" failures="0" timestamp="1 Jul 2018 13:21:03 GMT" time="0.084" errors="0">
  <testcase name="LoginAPIHomeLoan" time="0.062" classname="MavenDemo2.Bank2"/>
  <testcase name="MobileLoginHomeLoan" time="0.009" classname="MavenDemo2.Bank2"/>
  <testcase name="WebloginHomeLoan" time="0.013" classname="MavenDemo2.Bank2"/>
</testsuite> <!-- MavenDemo2.Bank2 -->
