<?xml version="1.0" encoding="UTF-8"?>
<!-- Generated by org.testng.reporters.JUnitReportReporter -->
<testsuite hostname="Mayank" name="MavenDemo1.Bank1" tests="2" failures="0" timestamp="1 Jul 2018 13:21:03 GMT" time="0.152" errors="0">
  <testcase name="ploan" time="0.146" classname="MavenDemo1.Bank1"/>
  <testcase name="prerequiste" time="0.006" classname="MavenDemo1.Bank1"/>
</testsuite> <!-- MavenDemo1.Bank1 -->
